<?xml version="1.0" encoding="UTF-8"?>
<!-- Generated by org.testng.reporters.JUnitReportReporter -->
<testsuite hostname="DESKTOP-T29RGA0" failures="0" tests="1" name="com.ds.testLayer.LogoutFunctionalityTest" time="0.000" errors="0" timestamp="2023-02-09T15:40:58 IST" skipped="1">
  <testcase classname="com.ds.testLayer.LogoutFunctionalityTest" name="verifylogoutfunctionality" time="0.000">
    <skipped/>
  </testcase> <!-- verifylogoutfunctionality -->
  <system-out/>
</testsuite> <!-- com.ds.testLayer.LogoutFunctionalityTest -->
