<?xml version="1.0" encoding="UTF-8"?>
<!-- Generated by org.testng.reporters.JUnitReportReporter -->
<testsuite hostname="DESKTOP-T29RGA0" failures="0" tests="1" name="com.ds.testBase.TestBase" time="29.552" errors="0" timestamp="2023-01-28T13:16:27 IST" skipped="0">
  <testcase classname="com.ds.testBase.TestBase" name="setUp" time="29.552"/>
  <system-out/>
</testsuite> <!-- com.ds.testBase.TestBase -->
