<?xml version="1.0" encoding="UTF-8"?>
<!-- Generated by org.testng.reporters.JUnitReportReporter -->
<testsuite hostname="DESKTOP-T29RGA0" failures="0" tests="1" name="com.ds.testLayer.BuyFunctionality" time="12.782" errors="0" timestamp="2023-01-31T11:45:21 IST" skipped="0">
  <testcase classname="com.ds.testLayer.BuyFunctionality" name="VerifyBuyFunctionality" time="12.782"/>
  <system-out/>
</testsuite> <!-- com.ds.testLayer.BuyFunctionality -->
