<?xml version="1.0" encoding="UTF-8"?>
<!-- Generated by org.testng.reporters.JUnitReportReporter -->
<testsuite hostname="DESKTOP-T29RGA0" failures="0" tests="1" name="com.ds.testLayer.TransactionPageTest" time="17.367" errors="0" timestamp="2023-02-02T13:24:25 IST" skipped="0">
  <testcase classname="com.ds.testLayer.TransactionPageTest" name="verifytransactionpage" time="17.367"/>
  <system-out/>
</testsuite> <!-- com.ds.testLayer.TransactionPageTest -->
